[debug] [2023-04-12T16:39:24.332Z] ----------------------------------------------------------------------
[debug] [2023-04-12T16:39:24.333Z] Command:       /usr/local/bin/node /usr/local/bin/firebase emulators:start --only functions
[debug] [2023-04-12T16:39:24.333Z] CLI Version:   11.22.0
[debug] [2023-04-12T16:39:24.333Z] Platform:      darwin
[debug] [2023-04-12T16:39:24.333Z] Node Version:  v16.17.0
[debug] [2023-04-12T16:39:24.334Z] Time:          Wed Apr 12 2023 22:09:24 GMT+0530 (India Standard Time)
[debug] [2023-04-12T16:39:24.334Z] ----------------------------------------------------------------------
[debug] 
[debug] [2023-04-12T16:39:24.373Z] > command requires scopes: ["email","openid","https://www.googleapis.com/auth/cloudplatformprojects.readonly","https://www.googleapis.com/auth/firebase","https://www.googleapis.com/auth/cloud-platform"]
[debug] [2023-04-12T16:39:24.374Z] > authorizing via signed-in user (vivek@snippyly.com)
[info] i  emulators: Starting emulators: functions {"metadata":{"emulator":{"name":"hub"},"message":"Starting emulators: functions"}}
[debug] [2023-04-12T16:39:24.686Z] [logging] Logging Emulator only supports listening on one address (127.0.0.1). Not listening on ::1
[debug] [2023-04-12T16:39:24.687Z] assigned listening specs for emulators {"user":{"hub":[{"address":"127.0.0.1","family":"IPv4","port":4400},{"address":"::1","family":"IPv6","port":4400}],"ui":[{"address":"127.0.0.1","family":"IPv4","port":4000},{"address":"::1","family":"IPv6","port":4000}],"logging":[{"address":"127.0.0.1","family":"IPv4","port":4500}]},"metadata":{"message":"assigned listening specs for emulators"}}
[debug] [2023-04-12T16:39:24.695Z] [hub] writing locator at /var/folders/d_/7tlx_j4j0zzcpmgnj_yfkp280000gn/T/hub-snipply-sdk-staging.json
[debug] [2023-04-12T16:39:24.912Z] [functions] Functions Emulator only supports listening on one address (127.0.0.1). Not listening on ::1
[debug] [2023-04-12T16:39:24.912Z] [eventarc] Eventarc Emulator only supports listening on one address (127.0.0.1). Not listening on ::1
[debug] [2023-04-12T16:39:24.912Z] late-assigned ports for functions and eventarc emulators {"user":{"hub":[{"address":"127.0.0.1","family":"IPv4","port":4400},{"address":"::1","family":"IPv6","port":4400}],"ui":[{"address":"127.0.0.1","family":"IPv4","port":4000},{"address":"::1","family":"IPv6","port":4000}],"logging":[{"address":"127.0.0.1","family":"IPv4","port":4500}],"functions":[{"address":"127.0.0.1","family":"IPv4","port":5001}],"eventarc":[{"address":"127.0.0.1","family":"IPv4","port":9299}]},"metadata":{"message":"late-assigned ports for functions and eventarc emulators"}}
[warn] ⚠  functions: The following emulators are not running, calls to these services from the Functions emulator will affect production: auth, firestore, database, hosting, pubsub, storage {"metadata":{"emulator":{"name":"functions"},"message":"The following emulators are not running, calls to these services from the Functions emulator will affect production: \u001b[1mauth, firestore, database, hosting, pubsub, storage\u001b[22m"}}
[debug] [2023-04-12T16:39:24.915Z] defaultcredentials: writing to file /Users/vivekkhakhkhar/.config/firebase/vivek_snippyly_com_application_default_credentials.json
[debug] [2023-04-12T16:39:24.919Z] Setting GAC to /Users/vivekkhakhkhar/.config/firebase/vivek_snippyly_com_application_default_credentials.json {"metadata":{"emulator":{"name":"functions"},"message":"Setting GAC to /Users/vivekkhakhkhar/.config/firebase/vivek_snippyly_com_application_default_credentials.json"}}
[debug] [2023-04-12T16:39:24.921Z] >>> [apiv2][query] GET https://firebase.googleapis.com/v1beta1/projects/snipply-sdk-staging/adminSdkConfig [none]
[debug] [2023-04-12T16:39:25.795Z] <<< [apiv2][status] GET https://firebase.googleapis.com/v1beta1/projects/snipply-sdk-staging/adminSdkConfig 200
[debug] [2023-04-12T16:39:25.796Z] <<< [apiv2][body] GET https://firebase.googleapis.com/v1beta1/projects/snipply-sdk-staging/adminSdkConfig {"projectId":"snipply-sdk-staging","databaseURL":"https://snipply-sdk-staging-default-rtdb.firebaseio.com","storageBucket":"snipply-sdk-staging.appspot.com","locationId":"us-central"}
[debug] [2023-04-12T16:39:25.819Z] Ignoring unsupported arg: auto_download {"metadata":{"emulator":{"name":"ui"},"message":"Ignoring unsupported arg: auto_download"}}
[debug] [2023-04-12T16:39:25.819Z] Ignoring unsupported arg: port {"metadata":{"emulator":{"name":"ui"},"message":"Ignoring unsupported arg: port"}}
[debug] [2023-04-12T16:39:25.819Z] Starting Emulator UI with command {"binary":"node","args":["/Users/vivekkhakhkhar/.cache/firebase/emulators/ui-v1.11.2/server/server.js"],"optionalArgs":[],"joinArgs":false} {"metadata":{"emulator":{"name":"ui"},"message":"Starting Emulator UI with command {\"binary\":\"node\",\"args\":[\"/Users/vivekkhakhkhar/.cache/firebase/emulators/ui-v1.11.2/server/server.js\"],\"optionalArgs\":[],\"joinArgs\":false}"}}
[info] i  ui: Emulator UI logging to ui-debug.log {"metadata":{"emulator":{"name":"ui"},"message":"Emulator UI logging to \u001b[1mui-debug.log\u001b[22m"}}
[debug] [2023-04-12T16:39:25.899Z] Web / API server started at 127.0.0.1:4000
 {"metadata":{"emulator":{"name":"ui"},"message":"Web / API server started at 127.0.0.1:4000\n"}}
[debug] [2023-04-12T16:39:25.899Z] Web / API server started at ::1:4000
 {"metadata":{"emulator":{"name":"ui"},"message":"Web / API server started at ::1:4000\n"}}
[info] i  functions: Watching "/Users/vivekkhakhkhar/Snippyly/Snippyly-Docs/docs/functions" for Cloud Functions... {"metadata":{"emulator":{"name":"functions"},"message":"Watching \"/Users/vivekkhakhkhar/Snippyly/Snippyly-Docs/docs/functions\" for Cloud Functions..."}}
[debug] [2023-04-12T16:39:26.092Z] Validating nodejs source
[warn] ⚠  functions: package.json indicates an outdated version of firebase-functions. Please upgrade using npm install --save firebase-functions@latest in your functions directory. 
[warn] ⚠  functions: Please note that there will be breaking changes when you upgrade. 
[debug] [2023-04-12T16:39:26.486Z] > [functions] package.json contents: {
  "name": "functions",
  "scripts": {
    "lint": "eslint --ext .js,.ts .",
    "build": "tsc",
    "build:watch": "tsc --watch",
    "serve": "npm run build && firebase emulators:start --only functions",
    "shell": "npm run build && firebase functions:shell",
    "start": "npm run shell",
    "deploy": "firebase deploy --only functions",
    "logs": "firebase functions:log"
  },
  "engines": {
    "node": "16"
  },
  "main": "lib/index.js",
  "dependencies": {
    "firebase-admin": "^10.0.2",
    "firebase-functions": "^3.18.0",
    "ts-md5": "^1.2.9"
  },
  "devDependencies": {
    "@typescript-eslint/eslint-plugin": "^5.12.0",
    "@typescript-eslint/parser": "^5.12.0",
    "eslint": "^8.9.0",
    "eslint-config-google": "^0.14.0",
    "eslint-plugin-import": "^2.25.4",
    "firebase-functions-test": "^0.2.0",
    "typescript": "^4.5.4"
  },
  "private": true
}
[debug] [2023-04-12T16:39:26.486Z] Building nodejs source
[debug] [2023-04-12T16:39:26.487Z] Failed to find version of module node: reached end of search path /Users/vivekkhakhkhar/Snippyly/Snippyly-Docs/docs/functions/node_modules
[info] ✔  functions: Using node@16 from host. 
[info] i  functions: Loaded environment variables from .env. 
[debug] [2023-04-12T16:39:26.491Z] Could not find functions.yaml. Must use http discovery
[debug] [2023-04-12T16:39:26.494Z] Found firebase-functions binary at '/Users/vivekkhakhkhar/Snippyly/Snippyly-Docs/docs/functions/node_modules/.bin/firebase-functions'
[debug] [2023-04-12T16:39:26.950Z] Serving at port 8880

[debug] [2023-04-12T16:39:27.009Z] Got response from /__/functions.yaml {"endpoints":{"setCommentData":{"platform":"gcfv1","maxInstances":2,"httpsTrigger":{},"entryPoint":"setCommentData"},"setRecorderData":{"platform":"gcfv1","maxInstances":2,"httpsTrigger":{},"entryPoint":"setRecorderData"},"setCursorData":{"platform":"gcfv1","maxInstances":2,"httpsTrigger":{},"entryPoint":"setCursorData"}},"specVersion":"v1alpha1","requiredAPIs":[]}
[debug] [2023-04-12T16:39:27.015Z] shutdown requested via /__/quitquitquit

[info] ✔  functions: Loaded functions definitions from source: setCommentData, setRecorderData, setCursorData. {"metadata":{"emulator":{"name":"functions"},"message":"Loaded functions definitions from source: setCommentData, setRecorderData, setCursorData."}}
[info] ✔  functions[us-central1-setCommentData]: http function initialized (http://127.0.0.1:5001/snipply-sdk-staging/us-central1/setCommentData). {"metadata":{"emulator":{"name":"functions"},"message":"\u001b[1mhttp\u001b[22m function initialized (http://127.0.0.1:5001/snipply-sdk-staging/us-central1/setCommentData)."}}
[info] ✔  functions[us-central1-setRecorderData]: http function initialized (http://127.0.0.1:5001/snipply-sdk-staging/us-central1/setRecorderData). {"metadata":{"emulator":{"name":"functions"},"message":"\u001b[1mhttp\u001b[22m function initialized (http://127.0.0.1:5001/snipply-sdk-staging/us-central1/setRecorderData)."}}
[info] ✔  functions[us-central1-setCursorData]: http function initialized (http://127.0.0.1:5001/snipply-sdk-staging/us-central1/setCursorData). {"metadata":{"emulator":{"name":"functions"},"message":"\u001b[1mhttp\u001b[22m function initialized (http://127.0.0.1:5001/snipply-sdk-staging/us-central1/setCursorData)."}}
[info] 
┌─────────────────────────────────────────────────────────────┐
│ ✔  All emulators ready! It is now safe to connect your app. │
│ i  View Emulator UI at http://127.0.0.1:4000/               │
└─────────────────────────────────────────────────────────────┘

┌───────────┬────────────────┬─────────────────────────────────┐
│ Emulator  │ Host:Port      │ View in Emulator UI             │
├───────────┼────────────────┼─────────────────────────────────┤
│ Functions │ 127.0.0.1:5001 │ http://127.0.0.1:4000/functions │
└───────────┴────────────────┴─────────────────────────────────┘
  Emulator Hub running at 127.0.0.1:4400
  Other reserved ports: 4500

Issues? Report them at https://github.com/firebase/firebase-tools/issues and attach the *-debug.log files.
 
[debug] [2023-04-12T16:42:06.667Z] [work-queue] {"queuedWork":["/snipply-sdk-staging/us-central1/setCursorData-2023-04-12T16:42:06.667Z"],"queueLength":1,"runningWork":[],"workRunningCount":0}
[debug] [2023-04-12T16:42:06.667Z] [work-queue] {"queuedWork":[],"queueLength":0,"runningWork":["/snipply-sdk-staging/us-central1/setCursorData-2023-04-12T16:42:06.667Z"],"workRunningCount":1}
[debug] [2023-04-12T16:42:06.667Z] Accepted request GET /snipply-sdk-staging/us-central1/setCursorData --> us-central1-setCursorData
[debug] [2023-04-12T16:42:06.669Z] [functions] Runtime ready! Sending request! {"metadata":{"emulator":{"name":"functions"},"message":"[functions] Runtime ready! Sending request!"}}
[debug] [2023-04-12T16:42:06.670Z] [functions] Got req.url=/snipply-sdk-staging/us-central1/setCursorData, mapping to path=/ {"metadata":{"emulator":{"name":"functions"},"message":"[functions] Got req.url=/snipply-sdk-staging/us-central1/setCursorData, mapping to path=/"}}
[info] i  functions: Loaded environment variables from .env. 
[debug] [2023-04-12T16:42:06.680Z] [worker-pool] addWorker(us-central1-setCursorData) {"metadata":{"emulator":{"name":"functions"},"message":"[worker-pool] addWorker(us-central1-setCursorData)"}}
[debug] [2023-04-12T16:42:06.680Z] [worker-pool] Adding worker with key us-central1-setCursorData, total=1 {"metadata":{"emulator":{"name":"functions"},"message":"[worker-pool] Adding worker with key us-central1-setCursorData, total=1"}}
[debug] [2023-04-12T16:42:07.245Z] [runtime-status] [2924] Resolved module firebase-admin {"declared":true,"installed":true,"version":"10.3.0","resolution":"/Users/vivekkhakhkhar/Snippyly/Snippyly-Docs/docs/functions/node_modules/firebase-admin/lib/index.js"} {"metadata":{"emulator":{"name":"functions"},"function":{"name":"us-central1-setCursorData"},"extension":{},"message":"[runtime-status] [2924] Resolved module firebase-admin {\"declared\":true,\"installed\":true,\"version\":\"10.3.0\",\"resolution\":\"/Users/vivekkhakhkhar/Snippyly/Snippyly-Docs/docs/functions/node_modules/firebase-admin/lib/index.js\"}"}}
[debug] [2023-04-12T16:42:07.246Z] [runtime-status] [2924] Resolved module firebase-functions {"declared":true,"installed":true,"version":"3.24.1","resolution":"/Users/vivekkhakhkhar/Snippyly/Snippyly-Docs/docs/functions/node_modules/firebase-functions/lib/index.js"} {"metadata":{"emulator":{"name":"functions"},"function":{"name":"us-central1-setCursorData"},"extension":{},"message":"[runtime-status] [2924] Resolved module firebase-functions {\"declared\":true,\"installed\":true,\"version\":\"3.24.1\",\"resolution\":\"/Users/vivekkhakhkhar/Snippyly/Snippyly-Docs/docs/functions/node_modules/firebase-functions/lib/index.js\"}"}}
[debug] [2023-04-12T16:42:07.246Z] [runtime-status] [2924] Outgoing network have been stubbed. [{"name":"http","status":"mocked"},{"name":"http","status":"mocked"},{"name":"https","status":"mocked"},{"name":"https","status":"mocked"},{"name":"net","status":"mocked"}] {"metadata":{"emulator":{"name":"functions"},"function":{"name":"us-central1-setCursorData"},"extension":{},"message":"[runtime-status] [2924] Outgoing network have been stubbed. [{\"name\":\"http\",\"status\":\"mocked\"},{\"name\":\"http\",\"status\":\"mocked\"},{\"name\":\"https\",\"status\":\"mocked\"},{\"name\":\"https\",\"status\":\"mocked\"},{\"name\":\"net\",\"status\":\"mocked\"}]"}}
[debug] [2023-04-12T16:42:07.246Z] [runtime-status] [2924] Resolved module firebase-functions {"declared":true,"installed":true,"version":"3.24.1","resolution":"/Users/vivekkhakhkhar/Snippyly/Snippyly-Docs/docs/functions/node_modules/firebase-functions/lib/index.js"} {"metadata":{"emulator":{"name":"functions"},"function":{"name":"us-central1-setCursorData"},"extension":{},"message":"[runtime-status] [2924] Resolved module firebase-functions {\"declared\":true,\"installed\":true,\"version\":\"3.24.1\",\"resolution\":\"/Users/vivekkhakhkhar/Snippyly/Snippyly-Docs/docs/functions/node_modules/firebase-functions/lib/index.js\"}"}}
[debug] [2023-04-12T16:42:07.268Z] [runtime-status] [2924] Checked functions.config() {"config":{}} {"metadata":{"emulator":{"name":"functions"},"function":{"name":"us-central1-setCursorData"},"extension":{},"message":"[runtime-status] [2924] Checked functions.config() {\"config\":{}}"}}
[debug] [2023-04-12T16:42:07.268Z] [runtime-status] [2924] firebase-functions has been stubbed. {"functionsResolution":{"declared":true,"installed":true,"version":"3.24.1","resolution":"/Users/vivekkhakhkhar/Snippyly/Snippyly-Docs/docs/functions/node_modules/firebase-functions/lib/index.js"}} {"metadata":{"emulator":{"name":"functions"},"function":{"name":"us-central1-setCursorData"},"extension":{},"message":"[runtime-status] [2924] firebase-functions has been stubbed. {\"functionsResolution\":{\"declared\":true,\"installed\":true,\"version\":\"3.24.1\",\"resolution\":\"/Users/vivekkhakhkhar/Snippyly/Snippyly-Docs/docs/functions/node_modules/firebase-functions/lib/index.js\"}}"}}
[debug] [2023-04-12T16:42:07.269Z] [runtime-status] [2924] Resolved module firebase-functions {"declared":true,"installed":true,"version":"3.24.1","resolution":"/Users/vivekkhakhkhar/Snippyly/Snippyly-Docs/docs/functions/node_modules/firebase-functions/lib/index.js"} {"metadata":{"emulator":{"name":"functions"},"function":{"name":"us-central1-setCursorData"},"extension":{},"message":"[runtime-status] [2924] Resolved module firebase-functions {\"declared\":true,\"installed\":true,\"version\":\"3.24.1\",\"resolution\":\"/Users/vivekkhakhkhar/Snippyly/Snippyly-Docs/docs/functions/node_modules/firebase-functions/lib/index.js\"}"}}
[debug] [2023-04-12T16:42:07.269Z] [runtime-status] [2924] Resolved module firebase-admin {"declared":true,"installed":true,"version":"10.3.0","resolution":"/Users/vivekkhakhkhar/Snippyly/Snippyly-Docs/docs/functions/node_modules/firebase-admin/lib/index.js"} {"metadata":{"emulator":{"name":"functions"},"function":{"name":"us-central1-setCursorData"},"extension":{},"message":"[runtime-status] [2924] Resolved module firebase-admin {\"declared\":true,\"installed\":true,\"version\":\"10.3.0\",\"resolution\":\"/Users/vivekkhakhkhar/Snippyly/Snippyly-Docs/docs/functions/node_modules/firebase-admin/lib/index.js\"}"}}
[debug] [2023-04-12T16:42:07.269Z] [runtime-status] [2924] Resolved module firebase-functions {"declared":true,"installed":true,"version":"3.24.1","resolution":"/Users/vivekkhakhkhar/Snippyly/Snippyly-Docs/docs/functions/node_modules/firebase-functions/lib/index.js"} {"metadata":{"emulator":{"name":"functions"},"function":{"name":"us-central1-setCursorData"},"extension":{},"message":"[runtime-status] [2924] Resolved module firebase-functions {\"declared\":true,\"installed\":true,\"version\":\"3.24.1\",\"resolution\":\"/Users/vivekkhakhkhar/Snippyly/Snippyly-Docs/docs/functions/node_modules/firebase-functions/lib/index.js\"}"}}
[debug] [2023-04-12T16:42:07.269Z] [runtime-status] [2924] firebase-admin has been stubbed. {"adminResolution":{"declared":true,"installed":true,"version":"10.3.0","resolution":"/Users/vivekkhakhkhar/Snippyly/Snippyly-Docs/docs/functions/node_modules/firebase-admin/lib/index.js"}} {"metadata":{"emulator":{"name":"functions"},"function":{"name":"us-central1-setCursorData"},"extension":{},"message":"[runtime-status] [2924] firebase-admin has been stubbed. {\"adminResolution\":{\"declared\":true,\"installed\":true,\"version\":\"10.3.0\",\"resolution\":\"/Users/vivekkhakhkhar/Snippyly/Snippyly-Docs/docs/functions/node_modules/firebase-admin/lib/index.js\"}}"}}
[debug] [2023-04-12T16:42:07.271Z] [runtime-status] [2924] initializeApp(DEFAULT) {"storageBucket":"snipply-sdk-staging.appspot.com","databaseURL":"https://snipply-sdk-staging-default-rtdb.firebaseio.com","projectId":"snipply-sdk-staging"} {"metadata":{"emulator":{"name":"functions"},"function":{"name":"us-central1-setCursorData"},"extension":{},"message":"[runtime-status] [2924] initializeApp(DEFAULT) {\"storageBucket\":\"snipply-sdk-staging.appspot.com\",\"databaseURL\":\"https://snipply-sdk-staging-default-rtdb.firebaseio.com\",\"projectId\":\"snipply-sdk-staging\"}"}}
[warn] ⚠  functions: The Cloud Firestore emulator is not running, so calls to Firestore will affect production. {"metadata":{"emulator":{"name":"functions"},"function":{"name":"us-central1-setCursorData"},"extension":{},"message":"The Cloud Firestore emulator is not running, so calls to Firestore will affect production."}}
[warn] ⚠  functions: The Realtime Database emulator is not running, so calls to Realtime Database will affect production. {"metadata":{"emulator":{"name":"functions"},"function":{"name":"us-central1-setCursorData"},"extension":{},"message":"The Realtime Database emulator is not running, so calls to Realtime Database will affect production."}}
[debug] [2023-04-12T16:42:07.301Z] [runtime-status] [2924] Functions runtime initialized. {"cwd":"/Users/vivekkhakhkhar/Snippyly/Snippyly-Docs/docs/functions","node_version":"16.17.0"} {"metadata":{"emulator":{"name":"functions"},"function":{"name":"us-central1-setCursorData"},"extension":{},"message":"[runtime-status] [2924] Functions runtime initialized. {\"cwd\":\"/Users/vivekkhakhkhar/Snippyly/Snippyly-Docs/docs/functions\",\"node_version\":\"16.17.0\"}"}}
[debug] [2023-04-12T16:42:07.301Z] [runtime-status] [2924] Listening to port: /var/folders/d_/7tlx_j4j0zzcpmgnj_yfkp280000gn/T/fire_emu_61b9c99f78a0824b.sock {"metadata":{"emulator":{"name":"functions"},"function":{"name":"us-central1-setCursorData"},"extension":{},"message":"[runtime-status] [2924] Listening to port: /var/folders/d_/7tlx_j4j0zzcpmgnj_yfkp280000gn/T/fire_emu_61b9c99f78a0824b.sock"}}
[debug] [2023-04-12T16:42:07.396Z] [worker-us-central1-setCursorData-0ecd7d9e-b7d3-4158-8e4d-e9f1856cc079]: IDLE {"metadata":{"emulator":{"name":"functions"},"message":"[worker-us-central1-setCursorData-0ecd7d9e-b7d3-4158-8e4d-e9f1856cc079]: IDLE"}}
[debug] [2023-04-12T16:42:07.396Z] [worker-pool] submitRequest(triggerId=us-central1-setCursorData) {"metadata":{"emulator":{"name":"functions"},"message":"[worker-pool] submitRequest(triggerId=us-central1-setCursorData)"}}
[debug] [2023-04-12T16:42:07.396Z] [worker-us-central1-setCursorData-0ecd7d9e-b7d3-4158-8e4d-e9f1856cc079]: BUSY {"metadata":{"emulator":{"name":"functions"},"message":"[worker-us-central1-setCursorData-0ecd7d9e-b7d3-4158-8e4d-e9f1856cc079]: BUSY"}}
[info] i  functions: Beginning execution of "setCursorData" {"metadata":{"emulator":{"name":"functions"},"function":{"name":"us-central1-setCursorData"},"extension":{},"message":"Beginning execution of \"setCursorData\""}}
[debug] [2023-04-12T16:42:07.399Z] [worker-us-central1-setCursorData-0ecd7d9e-b7d3-4158-8e4d-e9f1856cc079]: IDLE {"metadata":{"emulator":{"name":"functions"},"message":"[worker-us-central1-setCursorData-0ecd7d9e-b7d3-4158-8e4d-e9f1856cc079]: IDLE"}}
[debug] [2023-04-12T16:42:07.399Z] [work-queue] {"queuedWork":[],"queueLength":0,"runningWork":[],"workRunningCount":0}
[info] i  functions: Finished "setCursorData" in 1.115709ms {"metadata":{"emulator":{"name":"functions"},"function":{"name":"us-central1-setCursorData"},"extension":{},"message":"Finished \"setCursorData\" in 1.115709ms"}}
[debug] [2023-04-12T16:42:07.576Z] Functions emulator received unknown request at path /favicon.ico
[debug] [2023-04-12T17:09:39.678Z] File /Users/vivekkhakhkhar/Snippyly/Snippyly-Docs/docs/functions/src/utils/util.ts changed, reloading triggers {"metadata":{"emulator":{"name":"functions"},"message":"File /Users/vivekkhakhkhar/Snippyly/Snippyly-Docs/docs/functions/src/utils/util.ts changed, reloading triggers"}}
[debug] [2023-04-12T17:09:40.681Z] Validating nodejs source
[warn] ⚠  functions: package.json indicates an outdated version of firebase-functions. Please upgrade using npm install --save firebase-functions@latest in your functions directory. 
[warn] ⚠  functions: Please note that there will be breaking changes when you upgrade. 
[debug] [2023-04-12T17:09:41.130Z] > [functions] package.json contents: {
  "name": "functions",
  "scripts": {
    "lint": "eslint --ext .js,.ts .",
    "build": "tsc",
    "build:watch": "tsc --watch",
    "serve": "npm run build && firebase emulators:start --only functions",
    "shell": "npm run build && firebase functions:shell",
    "start": "npm run shell",
    "deploy": "firebase deploy --only functions",
    "logs": "firebase functions:log"
  },
  "engines": {
    "node": "16"
  },
  "main": "lib/index.js",
  "dependencies": {
    "firebase-admin": "^10.0.2",
    "firebase-functions": "^3.18.0",
    "ts-md5": "^1.2.9"
  },
  "devDependencies": {
    "@typescript-eslint/eslint-plugin": "^5.12.0",
    "@typescript-eslint/parser": "^5.12.0",
    "eslint": "^8.9.0",
    "eslint-config-google": "^0.14.0",
    "eslint-plugin-import": "^2.25.4",
    "firebase-functions-test": "^0.2.0",
    "typescript": "^4.5.4"
  },
  "private": true
}
[debug] [2023-04-12T17:09:41.130Z] Building nodejs source
[debug] [2023-04-12T17:09:41.130Z] Failed to find version of module node: reached end of search path /Users/vivekkhakhkhar/Snippyly/Snippyly-Docs/docs/functions/node_modules
[info] ✔  functions: Using node@16 from host. 
[info] i  functions: Loaded environment variables from .env. 
[debug] [2023-04-12T17:09:41.131Z] Could not find functions.yaml. Must use http discovery
[debug] [2023-04-12T17:09:41.132Z] Found firebase-functions binary at '/Users/vivekkhakhkhar/Snippyly/Snippyly-Docs/docs/functions/node_modules/.bin/firebase-functions'
[debug] [2023-04-12T17:09:41.258Z] Serving at port 8015

[debug] [2023-04-12T17:09:41.324Z] Got response from /__/functions.yaml {"endpoints":{"setCommentData":{"platform":"gcfv1","maxInstances":2,"httpsTrigger":{},"entryPoint":"setCommentData"},"setRecorderData":{"platform":"gcfv1","maxInstances":2,"httpsTrigger":{},"entryPoint":"setRecorderData"},"setCursorData":{"platform":"gcfv1","maxInstances":2,"httpsTrigger":{},"entryPoint":"setCursorData"}},"specVersion":"v1alpha1","requiredAPIs":[]}
[debug] [2023-04-12T17:09:41.327Z] shutdown requested via /__/quitquitquit

[info] ✔  functions: Loaded functions definitions from source: setCommentData, setRecorderData, setCursorData. {"metadata":{"emulator":{"name":"functions"},"message":"Loaded functions definitions from source: setCommentData, setRecorderData, setCursorData."}}
[debug] [2023-04-12T17:09:41.332Z] [worker-pool] Shutting down IDLE worker (us-central1-setCursorData) {"metadata":{"emulator":{"name":"functions"},"message":"[worker-pool] Shutting down IDLE worker (us-central1-setCursorData)"}}
[debug] [2023-04-12T17:09:41.332Z] [worker-us-central1-setCursorData-0ecd7d9e-b7d3-4158-8e4d-e9f1856cc079]: FINISHING {"metadata":{"emulator":{"name":"functions"},"message":"[worker-us-central1-setCursorData-0ecd7d9e-b7d3-4158-8e4d-e9f1856cc079]: FINISHING"}}
[debug] [2023-04-12T17:09:41.337Z] [worker-us-central1-setCursorData-0ecd7d9e-b7d3-4158-8e4d-e9f1856cc079]: exited {"metadata":{"emulator":{"name":"functions"},"message":"[worker-us-central1-setCursorData-0ecd7d9e-b7d3-4158-8e4d-e9f1856cc079]: exited"}}
[debug] [2023-04-12T17:09:41.337Z] [worker-us-central1-setCursorData-0ecd7d9e-b7d3-4158-8e4d-e9f1856cc079]: FINISHED {"metadata":{"emulator":{"name":"functions"},"message":"[worker-us-central1-setCursorData-0ecd7d9e-b7d3-4158-8e4d-e9f1856cc079]: FINISHED"}}
